{"name":"To validate POST method","id":"learning-selenium;to-validate-post-method;;2","testSteps":[{"number":1,"description":"To validate POST method #1: {responseCode\u003d200}","duration":3064,"startTime":1634631490551,"result":"SUCCESS","precondition":false,"children":[{"number":2,"description":"Given the user hits the url for \"create\" API with \"POST\" method","duration":3047,"startTime":1634631490557,"result":"SUCCESS","precondition":false},{"number":3,"description":"Then validate the response code 200","duration":10,"startTime":1634631493605,"exception":{"errorType":"java.lang.AssertionError","message":"expected:\u003c200\u003e but was:\u003c429\u003e","stackTrace":[{"declaringClass":"apis.TestAutomationLogic","methodName":"validateResponse","fileName":"TestAutomationLogic.java","lineNumber":52},{"declaringClass":"steps.TestAutomationSteps","methodName":"validate_the_response_code","fileName":"TestAutomationSteps.java","lineNumber":21},{"declaringClass":"✽","methodName":"Then validate the response code 200","fileName":"DummyAPI.feature","lineNumber":15}]},"result":"FAILURE","precondition":false}]}],"userStory":{"id":"learning-selenium","storyName":"Learning Selenium","path":"DummyAPI.feature","type":"feature"},"featureTag":{"name":"Learning Selenium","type":"feature"},"title":"To validate POST method","description":"","tags":[{"name":"Learning selenium","type":"feature"},{"name":"TC1","type":"tag"}],"startTime":1634631490464,"duration":3151,"testFailureCause":{"errorType":"java.lang.AssertionError","message":"expected:\u003c200\u003e but was:\u003c429\u003e","stackTrace":[{"declaringClass":"apis.TestAutomationLogic","methodName":"validateResponse","fileName":"TestAutomationLogic.java","lineNumber":52},{"declaringClass":"steps.TestAutomationSteps","methodName":"validate_the_response_code","fileName":"TestAutomationSteps.java","lineNumber":21},{"declaringClass":"✽","methodName":"Then validate the response code 200","fileName":"DummyAPI.feature","lineNumber":15}]},"testFailureClassname":"java.lang.AssertionError","testFailureMessage":"expected:\u003c200\u003e but was:\u003c429\u003e","testFailureSummary":"FAILURE;java.lang.AssertionError;expected:\u003c200\u003e but was:\u003c429\u003e;TestAutomationLogic.java:52","projectKey":"","annotatedResult":"FAILURE","dataTable":{"headers":["responseCode"],"rows":[{"values":["200"],"result":"FAILURE"}],"predefinedRows":true,"dataSetDescriptors":[{"startRow":0,"rowCount":0,"name":"","description":""}]},"manual":false,"testSource":"Cucumber","result":"FAILURE"}